<?xml version="1.0" encoding="UTF-8"?>
<!-- Generated by org.testng.reporters.JUnitReportReporter -->
<testsuite hostname="VODINHHOI" failures="0" tests="3" name="com.poly.service.ForgotPasswordTest" time="0.020" errors="0" timestamp="2025-02-26T19:18:45 ICT" skipped="0">
  <testcase classname="com.poly.service.ForgotPasswordTest" name="testForgotPassword" time="0.007"/>
  <testcase classname="com.poly.service.ForgotPasswordTest" name="testForgotPassword" time="0.012"/>
  <testcase classname="com.poly.service.ForgotPasswordTest" name="testForgotPassword" time="0.001"/>
</testsuite> <!-- com.poly.service.ForgotPasswordTest -->
