<?xml version="1.0" encoding="UTF-8"?>
<!-- Generated by org.testng.reporters.JUnitReportReporter -->
<testsuite hostname="VODINHHOI" failures="0" tests="4" name="com.poly.selenium.LoginTest" time="21.169" errors="0" timestamp="2025-03-03T14:43:19 ICT" skipped="0">
  <testcase classname="com.poly.selenium.LoginTest" name="testInvalidUsername" time="4.984"/>
  <testcase classname="com.poly.selenium.LoginTest" name="testEmptyFields" time="2.510"/>
  <testcase classname="com.poly.selenium.LoginTest" name="testInvalidPassword" time="6.627"/>
  <testcase classname="com.poly.selenium.LoginTest" name="testValidLogin" time="7.048"/>
</testsuite> <!-- com.poly.selenium.LoginTest -->
