<?xml version="1.0" encoding="UTF-8"?>
<!-- Generated by org.testng.reporters.JUnitReportReporter -->
<testsuite hostname="VODINHHOI" failures="0" tests="4" name="com.poly.service.LoginTest" time="0.156" errors="0" timestamp="2025-03-03T14:46:10 ICT" skipped="0">
  <testcase classname="com.poly.service.LoginTest" name="testUserLogin" time="0.006"/>
  <testcase classname="com.poly.service.LoginTest" name="testUserLogin" time="0.137"/>
  <testcase classname="com.poly.service.LoginTest" name="testUserLogin" time="0.007"/>
  <testcase classname="com.poly.service.LoginTest" name="testUserLogin" time="0.006"/>
</testsuite> <!-- com.poly.service.LoginTest -->
