<?xml version="1.0" encoding="UTF-8"?>
<!-- Generated by org.testng.reporters.JUnitReportReporter -->
<testsuite hostname="VODINHHOI" failures="0" tests="3" name="com.poly.selenium.CrudTest" time="21.552" errors="0" timestamp="2025-03-03T14:58:45 ICT" skipped="0">
  <testcase classname="com.poly.selenium.CrudTest" name="testCreateCategory" time="9.742"/>
  <testcase classname="com.poly.selenium.CrudTest" name="testEditCategory" time="6.716"/>
  <testcase classname="com.poly.selenium.CrudTest" name="testEditThenDeleteCategory" time="5.094"/>
</testsuite> <!-- com.poly.selenium.CrudTest -->
