<?xml version="1.0" encoding="UTF-8"?>
<!-- Generated by org.testng.reporters.JUnitReportReporter -->
<testsuite hostname="VODINHHOI" failures="0" tests="4" name="com.poly.selenium.RegisterTest" time="32.858" errors="0" timestamp="2025-03-03T14:44:05 ICT" skipped="0">
  <testcase classname="com.poly.selenium.RegisterTest" name="testDuplicateEmail" time="6.911"/>
  <testcase classname="com.poly.selenium.RegisterTest" name="testEmptyFields" time="4.331"/>
  <testcase classname="com.poly.selenium.RegisterTest" name="testSuccessfulRegistration" time="14.941"/>
  <testcase classname="com.poly.selenium.RegisterTest" name="testDuplicateUsername" time="6.675"/>
</testsuite> <!-- com.poly.selenium.RegisterTest -->
