<?xml version="1.0" encoding="UTF-8"?>
<!-- Generated by org.testng.reporters.JUnitReportReporter -->
<testsuite hostname="VODINHHOI" failures="0" tests="4" name="com.poly.service.UpdateUserInfoTest" time="0.028" errors="0" timestamp="2025-03-03T14:46:55 ICT" skipped="0">
  <testcase classname="com.poly.service.UpdateUserInfoTest" name="testUpdateUserInfo" time="0.002"/>
  <testcase classname="com.poly.service.UpdateUserInfoTest" name="testUpdateUserInfo" time="0.016"/>
  <testcase classname="com.poly.service.UpdateUserInfoTest" name="testUpdateUserInfo" time="0.002"/>
  <testcase classname="com.poly.service.UpdateUserInfoTest" name="testUpdateUserInfo" time="0.008"/>
</testsuite> <!-- com.poly.service.UpdateUserInfoTest -->
