<?xml version="1.0" encoding="UTF-8"?>
<!-- Generated by org.testng.reporters.JUnitReportReporter -->
<testsuite hostname="VODINHHOI" failures="0" tests="5" name="com.poly.service.ChangePasswordTest" time="0.031" errors="0" timestamp="2025-02-26T19:20:10 ICT" skipped="0">
  <testcase classname="com.poly.service.ChangePasswordTest" name="testChangePassword" time="0.015"/>
  <testcase classname="com.poly.service.ChangePasswordTest" name="testChangePassword" time="0.004"/>
  <testcase classname="com.poly.service.ChangePasswordTest" name="testChangePassword" time="0.003"/>
  <testcase classname="com.poly.service.ChangePasswordTest" name="testChangePassword" time="0.006"/>
  <testcase classname="com.poly.service.ChangePasswordTest" name="testChangePassword" time="0.003"/>
</testsuite> <!-- com.poly.service.ChangePasswordTest -->
