<?xml version="1.0" encoding="UTF-8"?>
<!-- Generated by org.testng.reporters.JUnitReportReporter -->
<testsuite hostname="VODINHHOI" failures="0" tests="4" name="com.poly.service.RegisterTest" time="3.995" errors="0" timestamp="2025-03-03T14:46:27 ICT" skipped="0">
  <testcase classname="com.poly.service.RegisterTest" name="testRegister" time="0.117"/>
  <testcase classname="com.poly.service.RegisterTest" name="testRegister" time="0.031"/>
  <testcase classname="com.poly.service.RegisterTest" name="testEmailConfirmationSent" time="3.846"/>
  <testcase classname="com.poly.service.RegisterTest" name="testRegister" time="0.001"/>
</testsuite> <!-- com.poly.service.RegisterTest -->
